<?xml version="1.0" encoding="UTF-8"?>
<!-- Generated by org.testng.reporters.JUnitXMLReporter -->
<testsuite ignored="0" hostname="LX-LPE0AJW77" failures="1" tests="1" name="Command line test" time="3.602" errors="0" timestamp="2023-10-26T16:39:10 BRT">
  <testcase classname="junitTest.junit.TestExcelDataLoader" name="@BeforeTest setUp" time="3.545">
    <failure type="com.jagacy.util.JagacyException" message="[MISC ERROR] O ambiente não está disponível para uso. Tente mais tarde.">
      <![CDATA[com.jagacy.util.JagacyException: [MISC ERROR] O ambiente não está disponível para uso. Tente mais tarde.
at junitTest.junit.TestExcelDataLoader.setUp(TestExcelDataLoader.java:109)
at junitTest.junit.JARExecution.main(JARExecution.java:18)
... Removed 21 stack frames]]>
    </failure>
  </testcase> <!-- @BeforeTest setUp -->
  <testcase classname="junitTest.junit.TestExcelDataLoader" name="@AfterTest tearDown" time="0.0">
    <skipped/>
  </testcase> <!-- @AfterTest tearDown -->
  <testcase classname="junitTest.junit.TestExcelDataLoader" name="taxacaoEmBloco" time="0.0">
    <failure type="org.testng.TestNGException" message="
Cannot inject @Test annotated Method [taxacaoEmBloco] with [class java.lang.String, class java.lang.String, class java.lang.String, class java.lang.String, class java.lang.String, class java.lang.String, class java.lang.String].
For more information on native dependency injection please refer to https://testng.org/doc/documentation-main.html#native-dependency-injection">
      <![CDATA[org.testng.TestNGException: 
Cannot inject @Test annotated Method [taxacaoEmBloco] with [class java.lang.String, class java.lang.String, class java.lang.String, class java.lang.String, class java.lang.String, class java.lang.String, class java.lang.String].
For more information on native dependency injection please refer to https://testng.org/doc/documentation-main.html#native-dependency-injection
at java.base/java.util.ArrayList.forEach(ArrayList.java:1511)
at junitTest.junit.JARExecution.main(JARExecution.java:18)
... Removed 23 stack frames]]>
    </failure>
  </testcase> <!-- taxacaoEmBloco -->
</testsuite> <!-- Command line test -->
