<?xml version="1.0" encoding="UTF-8"?>
<testng-results ignored="0" total="1" passed="0" failed="1" skipped="0">
  <reporter-output>
  </reporter-output>
  <suite started-at="2023-10-26T16:39:06 BRT" name="Command line suite" finished-at="2023-10-26T16:39:10 BRT" duration-ms="3602">
    <groups>
    </groups>
    <test started-at="2023-10-26T16:39:06 BRT" name="Command line test" finished-at="2023-10-26T16:39:10 BRT" duration-ms="3602">
      <class name="junitTest.junit.TestExcelDataLoader">
        <test-method is-config="true" signature="setUpGone()[pri:0, instance:junitTest.junit.TestExcelDataLoader@3899782c]" started-at="2023-10-26T16:38:57 BRT" name="setUpGone" finished-at="2023-10-26T16:39:06 BRT" duration-ms="9481" status="PASS">
          <reporter-output>
          </reporter-output>
        </test-method> <!-- setUpGone -->
        <test-method is-config="true" signature="setUp()[pri:0, instance:junitTest.junit.TestExcelDataLoader@3899782c]" started-at="2023-10-26T16:39:06 BRT" name="setUp" finished-at="2023-10-26T16:39:10 BRT" duration-ms="3545" status="FAIL">
          <exception class="com.jagacy.util.JagacyException">
            <message>
              <![CDATA[[MISC ERROR] O ambiente não está disponível para uso. Tente mais tarde.]]>
            </message>
            <full-stacktrace>
              <![CDATA[com.jagacy.util.JagacyException: [MISC ERROR] O ambiente não está disponível para uso. Tente mais tarde.
at junitTest.junit.TestExcelDataLoader.setUp(TestExcelDataLoader.java:109)
at java.base/jdk.internal.reflect.NativeMethodAccessorImpl.invoke0(Native Method)
at java.base/jdk.internal.reflect.NativeMethodAccessorImpl.invoke(NativeMethodAccessorImpl.java:77)
at java.base/jdk.internal.reflect.DelegatingMethodAccessorImpl.invoke(DelegatingMethodAccessorImpl.java:43)
at java.base/java.lang.reflect.Method.invoke(Method.java:568)
at org.testng.internal.invokers.MethodInvocationHelper.invokeMethod(MethodInvocationHelper.java:139)
at org.testng.internal.invokers.MethodInvocationHelper.invokeMethodConsideringTimeout(MethodInvocationHelper.java:69)
at org.testng.internal.invokers.ConfigInvoker.invokeConfigurationMethod(ConfigInvoker.java:390)
at org.testng.internal.invokers.ConfigInvoker.invokeConfigurations(ConfigInvoker.java:325)
at org.testng.TestRunner.invokeTestConfigurations(TestRunner.java:663)
at org.testng.TestRunner.beforeRun(TestRunner.java:652)
at org.testng.TestRunner.run(TestRunner.java:614)
at org.testng.SuiteRunner.runTest(SuiteRunner.java:443)
at org.testng.SuiteRunner.runSequentially(SuiteRunner.java:437)
at org.testng.SuiteRunner.privateRun(SuiteRunner.java:397)
at org.testng.SuiteRunner.run(SuiteRunner.java:336)
at org.testng.SuiteRunnerWorker.runSuite(SuiteRunnerWorker.java:52)
at org.testng.SuiteRunnerWorker.run(SuiteRunnerWorker.java:95)
at org.testng.TestNG.runSuitesSequentially(TestNG.java:1280)
at org.testng.TestNG.runSuitesLocally(TestNG.java:1200)
at org.testng.TestNG.runSuites(TestNG.java:1114)
at org.testng.TestNG.run(TestNG.java:1082)
at junitTest.junit.JARExecution.main(JARExecution.java:18)
]]>
            </full-stacktrace>
          </exception> <!-- com.jagacy.util.JagacyException -->
          <reporter-output>
          </reporter-output>
        </test-method> <!-- setUp -->
        <test-method signature="taxacaoEmBloco(java.lang.String,java.lang.String,java.lang.String,java.lang.String,java.lang.String,java.lang.String,java.lang.String)[pri:0, instance:junitTest.junit.TestExcelDataLoader@3899782c]" started-at="2023-10-26T16:39:10 BRT" name="taxacaoEmBloco" finished-at="2023-10-26T16:39:10 BRT" duration-ms="0" status="FAIL">
          <exception class="org.testng.TestNGException">
            <message>
              <![CDATA[
Cannot inject @Test annotated Method [taxacaoEmBloco] with [class java.lang.String, class java.lang.String, class java.lang.String, class java.lang.String, class java.lang.String, class java.lang.String, class java.lang.String].
For more information on native dependency injection please refer to https://testng.org/doc/documentation-main.html#native-dependency-injection]]>
            </message>
            <full-stacktrace>
              <![CDATA[org.testng.TestNGException: 
Cannot inject @Test annotated Method [taxacaoEmBloco] with [class java.lang.String, class java.lang.String, class java.lang.String, class java.lang.String, class java.lang.String, class java.lang.String, class java.lang.String].
For more information on native dependency injection please refer to https://testng.org/doc/documentation-main.html#native-dependency-injection
at org.testng.internal.Parameters.checkParameterTypes(Parameters.java:436)
at org.testng.internal.Parameters.createParametersForMethod(Parameters.java:350)
at org.testng.internal.Parameters.createParameters(Parameters.java:693)
at org.testng.internal.Parameters.handleParameters(Parameters.java:879)
at org.testng.internal.Parameters.handleParameters(Parameters.java:728)
at org.testng.internal.invokers.ParameterHandler.handleParameters(ParameterHandler.java:72)
at org.testng.internal.invokers.ParameterHandler.createParameters(ParameterHandler.java:51)
at org.testng.internal.invokers.TestInvoker$MethodInvocationAgent.invoke(TestInvoker.java:911)
at org.testng.internal.invokers.TestInvoker.invokeTestMethods(TestInvoker.java:200)
at org.testng.internal.invokers.TestMethodWorker.invokeTestMethods(TestMethodWorker.java:148)
at org.testng.internal.invokers.TestMethodWorker.run(TestMethodWorker.java:128)
at java.base/java.util.ArrayList.forEach(ArrayList.java:1511)
at org.testng.TestRunner.privateRun(TestRunner.java:848)
at org.testng.TestRunner.run(TestRunner.java:621)
at org.testng.SuiteRunner.runTest(SuiteRunner.java:443)
at org.testng.SuiteRunner.runSequentially(SuiteRunner.java:437)
at org.testng.SuiteRunner.privateRun(SuiteRunner.java:397)
at org.testng.SuiteRunner.run(SuiteRunner.java:336)
at org.testng.SuiteRunnerWorker.runSuite(SuiteRunnerWorker.java:52)
at org.testng.SuiteRunnerWorker.run(SuiteRunnerWorker.java:95)
at org.testng.TestNG.runSuitesSequentially(TestNG.java:1280)
at org.testng.TestNG.runSuitesLocally(TestNG.java:1200)
at org.testng.TestNG.runSuites(TestNG.java:1114)
at org.testng.TestNG.run(TestNG.java:1082)
at junitTest.junit.JARExecution.main(JARExecution.java:18)
]]>
            </full-stacktrace>
          </exception> <!-- org.testng.TestNGException -->
          <reporter-output>
          </reporter-output>
        </test-method> <!-- taxacaoEmBloco -->
        <test-method is-config="true" signature="tearDown()[pri:0, instance:junitTest.junit.TestExcelDataLoader@3899782c]" started-at="2023-10-26T16:39:10 BRT" name="tearDown" finished-at="2023-10-26T16:39:10 BRT" duration-ms="0" status="SKIP">
          <reporter-output>
          </reporter-output>
        </test-method> <!-- tearDown -->
        <test-method is-config="true" signature="closeConnections()[pri:0, instance:junitTest.junit.TestExcelDataLoader@3899782c]" started-at="2023-10-26T16:39:10 BRT" name="closeConnections" finished-at="2023-10-26T16:39:10 BRT" duration-ms="0" status="SKIP">
          <reporter-output>
          </reporter-output>
        </test-method> <!-- closeConnections -->
      </class> <!-- junitTest.junit.TestExcelDataLoader -->
    </test> <!-- Command line test -->
  </suite> <!-- Command line suite -->
</testng-results>
